#
# There is insufficient memory for the Java Runtime Environment to continue.
# Native memory allocation (mmap) failed to map 130023424 bytes. Error detail: G1 virtual space
# Possible reasons:
#   The system is out of physical RAM or swap space
#   This process is running with CompressedOops enabled, and the Java Heap may be blocking the growth of the native heap
# Possible solutions:
#   Reduce memory load on the system
#   Increase physical memory or swap space
#   Check if swap backing store is full
#   Decrease Java heap size (-Xmx/-Xms)
#   Decrease number of Java threads
#   Decrease Java thread stack sizes (-Xss)
#   Set larger code cache with -XX:ReservedCodeCacheSize=
#   JVM is running with Unscaled Compressed Oops mode in which the Java heap is
#     placed in the first 4GB address space. The Java Heap base address is the
#     maximum limit for the native heap growth. Please use -XX:HeapBaseMinAddress
#     to set the Java Heap base and to place the Java Heap above 4GB virtual address.
# This output file may be truncated or incomplete.
#
#  Out of Memory Error (os_windows.cpp:3736), pid=21848, tid=10416
#
# JRE version:  (21.0.8+9) (build )
# Java VM: OpenJDK 64-Bit Server VM (21.0.8+9-LTS, mixed mode, sharing, tiered, compressed oops, compressed class ptrs, g1 gc, windows-amd64)
# No core dump will be written. Minidumps are not enabled by default on client versions of Windows
#

---------------  S U M M A R Y ------------

Command Line: C:\Users\User\AppData\Local\Temp\surefire8218374437825388602\surefirebooter-20251105113445786_3.jar C:\Users\User\AppData\Local\Temp\surefire8218374437825388602 2025-11-05T11-34-45_376-jvmRun1 surefire-20251105113445786_1tmp surefire_0-20251105113445786_2tmp

Host: 11th Gen Intel(R) Core(TM) i7-1165G7 @ 2.80GHz, 8 cores, 7G,  Windows 11 , 64 bit Build 26100 (10.0.26100.6725)
Time: Wed Nov  5 11:34:46 2025 elapsed time: 0.035092 seconds (0d 0h 0m 0s)

---------------  T H R E A D  ---------------

Current thread (0x000001d2e386f8b0):  JavaThread "Unknown thread" [_thread_in_vm, id=10416, stack(0x0000001cefa00000,0x0000001cefb00000) (1024K)]

Stack: [0x0000001cefa00000,0x0000001cefb00000]
Native frames: (J=compiled Java code, j=interpreted, Vv=VM code, C=native code)
V  [jvm.dll+0x6e1729]
V  [jvm.dll+0x8bf47b]
V  [jvm.dll+0x8c19aa]
V  [jvm.dll+0x8c2083]
V  [jvm.dll+0x289fd6]
V  [jvm.dll+0x6de085]
V  [jvm.dll+0x6d218a]
V  [jvm.dll+0x366f6e]
V  [jvm.dll+0x36ee1b]
V  [jvm.dll+0x3c06b9]
V  [jvm.dll+0x3c095b]
V  [jvm.dll+0x33a8b7]
V  [jvm.dll+0x33b3fb]
V  [jvm.dll+0x888e5e]
V  [jvm.dll+0x3cd611]
V  [jvm.dll+0x871e5c]
V  [jvm.dll+0x461261]
V  [jvm.dll+0x462ea1]
C  [jli.dll+0x52f0]
C  [ucrtbase.dll+0x37b0]
C  [KERNEL32.DLL+0x2e8d7]
C  [ntdll.dll+0x8c53c]


---------------  P R O C E S S  ---------------

Threads class SMR info:
_java_thread_list=0x00007ffdd16d6288, length=0, elements={
}

Java Threads: ( => current thread )
Total: 0

Other Threads:
  0x000001d2e38c14e0 WorkerThread "GC Thread#0"                     [id=11892, stack(0x0000001cefb00000,0x0000001cefc00000) (1024K)]
  0x000001d2e38d2890 ConcurrentGCThread "G1 Main Marker"            [id=21964, stack(0x0000001cefc00000,0x0000001cefd00000) (1024K)]
  0x000001d2e38d4250 WorkerThread "G1 Conc#0"                       [id=14104, stack(0x0000001cefd00000,0x0000001cefe00000) (1024K)]

[error occurred during error reporting (printing all threads), id 0xc0000005, EXCEPTION_ACCESS_VIOLATION (0xc0000005) at pc=0x00007ffdd0dcd307]
VM state: not at safepoint (not fully initialized)

VM Mutex/Monitor currently owned by a thread:  ([mutex/lock_event])
[0x00007ffdd174a8c8] Heap_lock - owner thread: 0x000001d2e386f8b0

Heap address: 0x0000000084e00000, size: 1970 MB, Compressed Oops mode: 32-bit

CDS archive(s) mapped at: [0x0000000000000000-0x0000000000000000-0x0000000000000000), size 0, SharedBaseAddress: 0x0000000800000000, ArchiveRelocationMode: 1.
Narrow klass base: 0x0000000000000000, Narrow klass shift: 0, Narrow klass range: 0x0

GC Precious Log:
 CardTable entry size: 512
 Card Set container configuration: InlinePtr #cards 5 size 8 Array Of Cards #cards 12 size 40 Howl #buckets 4 coarsen threshold 1843 Howl Bitmap #cards 512 size 80 coarsen threshold 460 Card regions per heap region 1 cards per card region 2048

Heap:
 garbage-first heap   total 0K, used 0K [0x0000000084e00000, 0x0000000100000000)
  region size 1024K, 0 young (0K), 0 survivors (0K)

[error occurred during error reporting (printing heap information), id 0xc0000005, EXCEPTION_ACCESS_VIOLATION (0xc0000005) at pc=0x00007ffdd11bba99]
GC Heap History (0 events):
No events

Dll operation events (1 events):
Event: 0.022 Loaded shared library C:\Users\User\.jdks\ms-21.0.8\bin\java.dll

Deoptimization events (0 events):
No events

Classes loaded (0 events):
No events

Classes unloaded (0 events):
No events

Classes redefined (0 events):
No events

Internal exceptions (0 events):
No events

ZGC Phase Switch (0 events):
No events

VM Operations (0 events):
No events

Memory protections (0 events):
No events

Nmethod flushes (0 events):
No events

Events (0 events):
No events


Dynamic libraries:
0x00007ff614710000 - 0x00007ff61471e000 	C:\Users\User\.jdks\ms-21.0.8\bin\java.exe
0x00007ffee9fc0000 - 0x00007ffeea228000 	C:\WINDOWS\SYSTEM32\ntdll.dll
0x00007ffee91d0000 - 0x00007ffee9299000 	C:\WINDOWS\System32\KERNEL32.DLL
0x00007ffee72f0000 - 0x00007ffee76e2000 	C:\WINDOWS\System32\KERNELBASE.dll
0x00007ffee76f0000 - 0x00007ffee783b000 	C:\WINDOWS\System32\ucrtbase.dll
0x00007ffeca680000 - 0x00007ffeca698000 	C:\Users\User\.jdks\ms-21.0.8\bin\jli.dll
0x00007ffebfb30000 - 0x00007ffebfb4e000 	C:\Users\User\.jdks\ms-21.0.8\bin\VCRUNTIME140.dll
0x00007ffee92a0000 - 0x00007ffee9465000 	C:\WINDOWS\System32\USER32.dll
0x00007ffee7150000 - 0x00007ffee7177000 	C:\WINDOWS\System32\win32u.dll
0x00007ffec26b0000 - 0x00007ffec2943000 	C:\WINDOWS\WinSxS\amd64_microsoft.windows.common-controls_6595b64144ccf1df_6.0.26100.6899_none_3e0efeeae32e88c1\COMCTL32.dll
0x00007ffee8300000 - 0x00007ffee832b000 	C:\WINDOWS\System32\GDI32.dll
0x00007ffee8330000 - 0x00007ffee83d9000 	C:\WINDOWS\System32\msvcrt.dll
0x00007ffee79a0000 - 0x00007ffee7acd000 	C:\WINDOWS\System32\gdi32full.dll
0x00007ffee7ad0000 - 0x00007ffee7b73000 	C:\WINDOWS\System32\msvcp_win.dll
0x00007ffee9190000 - 0x00007ffee91bf000 	C:\WINDOWS\System32\IMM32.DLL
0x00007ffea30f0000 - 0x00007ffea30fc000 	C:\Users\User\.jdks\ms-21.0.8\bin\vcruntime140_1.dll
0x00007ffe7e6a0000 - 0x00007ffe7e729000 	C:\Users\User\.jdks\ms-21.0.8\bin\msvcp140.dll
0x00007ffdd0a80000 - 0x00007ffdd182c000 	C:\Users\User\.jdks\ms-21.0.8\bin\server\jvm.dll
0x00007ffee8ef0000 - 0x00007ffee8fa4000 	C:\WINDOWS\System32\ADVAPI32.dll
0x00007ffee7f30000 - 0x00007ffee7fd6000 	C:\WINDOWS\System32\sechost.dll
0x00007ffee9e60000 - 0x00007ffee9f78000 	C:\WINDOWS\System32\RPCRT4.dll
0x00007ffee95d0000 - 0x00007ffee9644000 	C:\WINDOWS\System32\WS2_32.dll
0x00007ffee6fb0000 - 0x00007ffee700e000 	C:\WINDOWS\SYSTEM32\POWRPROF.dll
0x00007ffedc130000 - 0x00007ffedc165000 	C:\WINDOWS\SYSTEM32\WINMM.dll
0x00007ffedbf20000 - 0x00007ffedbf2b000 	C:\WINDOWS\SYSTEM32\VERSION.dll
0x00007ffee6f90000 - 0x00007ffee6fa4000 	C:\WINDOWS\SYSTEM32\UMPDC.dll
0x00007ffee5ee0000 - 0x00007ffee5efb000 	C:\WINDOWS\SYSTEM32\kernel.appcore.dll
0x00007ffea30e0000 - 0x00007ffea30ea000 	C:\Users\User\.jdks\ms-21.0.8\bin\jimage.dll
0x00007ffee48a0000 - 0x00007ffee4ae2000 	C:\WINDOWS\SYSTEM32\DBGHELP.DLL
0x00007ffee8a90000 - 0x00007ffee8e0b000 	C:\WINDOWS\System32\combase.dll
0x00007ffee90a0000 - 0x00007ffee9177000 	C:\WINDOWS\System32\OLEAUT32.dll
0x00007ffead510000 - 0x00007ffead54c000 	C:\WINDOWS\SYSTEM32\dbgcore.DLL
0x00007ffee7900000 - 0x00007ffee7998000 	C:\WINDOWS\System32\bcryptPrimitives.dll
0x00007ffe81910000 - 0x00007ffe81931000 	C:\Users\User\.jdks\ms-21.0.8\bin\java.dll

JVMTI agents: none

dbghelp: loaded successfully - version: 4.0.5 - missing functions: none
symbol engine: initialized successfully - sym options: 0x614 - pdb path: .;C:\Users\User\.jdks\ms-21.0.8\bin;C:\WINDOWS\SYSTEM32;C:\WINDOWS\WinSxS\amd64_microsoft.windows.common-controls_6595b64144ccf1df_6.0.26100.6899_none_3e0efeeae32e88c1;C:\Users\User\.jdks\ms-21.0.8\bin\server

VM Arguments:
java_command: C:\Users\User\AppData\Local\Temp\surefire8218374437825388602\surefirebooter-20251105113445786_3.jar C:\Users\User\AppData\Local\Temp\surefire8218374437825388602 2025-11-05T11-34-45_376-jvmRun1 surefire-20251105113445786_1tmp surefire_0-20251105113445786_2tmp
java_class_path (initial): C:\Users\User\AppData\Local\Temp\surefire8218374437825388602\surefirebooter-20251105113445786_3.jar
Launcher Type: SUN_STANDARD

[Global flags]
     intx CICompilerCount                          = 4                                         {product} {ergonomic}
     uint ConcGCThreads                            = 2                                         {product} {ergonomic}
     uint G1ConcRefinementThreads                  = 8                                         {product} {ergonomic}
   size_t G1HeapRegionSize                         = 1048576                                   {product} {ergonomic}
    uintx GCDrainStackTargetSize                   = 64                                        {product} {ergonomic}
   size_t InitialHeapSize                          = 130023424                                 {product} {ergonomic}
   size_t MarkStackSize                            = 4194304                                   {product} {ergonomic}
   size_t MaxHeapSize                              = 2065694720                                {product} {ergonomic}
   size_t MinHeapDeltaBytes                        = 1048576                                   {product} {ergonomic}
   size_t MinHeapSize                              = 8388608                                   {product} {ergonomic}
    uintx NonNMethodCodeHeapSize                   = 5839372                                {pd product} {ergonomic}
    uintx NonProfiledCodeHeapSize                  = 122909434                              {pd product} {ergonomic}
    uintx ProfiledCodeHeapSize                     = 122909434                              {pd product} {ergonomic}
    uintx ReservedCodeCacheSize                    = 251658240                              {pd product} {ergonomic}
     bool SegmentedCodeCache                       = true                                      {product} {ergonomic}
   size_t SoftMaxHeapSize                          = 2065694720                             {manageable} {ergonomic}
     bool UseCompressedOops                        = true                           {product lp64_product} {ergonomic}
     bool UseG1GC                                  = true                                      {product} {ergonomic}
     bool UseLargePagesIndividualAllocation        = false                                  {pd product} {ergonomic}

Logging:
Log output configuration:
 #0: stdout all=warning uptime,level,tags foldmultilines=false
 #1: stderr all=off uptime,level,tags foldmultilines=false

Environment Variables:
JAVA_HOME=C:\Users\User\.jdks\ms-21.0.8
PATH=C:\Python314\Scripts\;C:\Python314\;C:\Program Files (x86)\Common Files\Oracle\Java\javapath;C:\Program Files\Common Files\Oracle\Java\javapath;C:\ProgramData\Oracle\Java\javapath;C:\app\User\product\21c\dbhomeXE\bin;C:\WINDOWS\system32;C:\WINDOWS;C:\WINDOWS\System32\Wbem;C:\WINDOWS\System32\WindowsPowerShell\v1.0\;C:\WINDOWS\System32\OpenSSH\;C:\Program Files\Java\jdk-20\bin;C:\sqlite3;C:\Program Files\Docker\Docker\resources\bin;C:\Program Files\Git\cmd;C:\Program Files\cursor\resources\app\bin;C:\Program Files\nodejs\;C:\ProgramData\chocolatey\bin;C:\Users\User\AppData\Local\Microsoft\WindowsApps;;C:\Users\User\AppData\Local\Programs\Microsoft VS Code\bin;C:\Users\User\AppData\Roaming\npm;E:\programmes\Windsurf\bin
USERNAME=User
OS=Windows_NT
PROCESSOR_IDENTIFIER=Intel64 Family 6 Model 140 Stepping 1, GenuineIntel
TMP=C:\Users\User\AppData\Local\Temp
TEMP=C:\Users\User\AppData\Local\Temp




Periodic native trim disabled

---------------  S Y S T E M  ---------------

OS:
 Windows 11 , 64 bit Build 26100 (10.0.26100.6725)
OS uptime: 2 days 12:59 hours
Hyper-V role detected

CPU: total 8 (initial active 8) (4 cores per cpu, 2 threads per core) family 6 model 140 stepping 1 microcode 0xbc, cx8, cmov, fxsr, ht, mmx, 3dnowpref, sse, sse2, sse3, ssse3, sse4.1, sse4.2, popcnt, lzcnt, tsc, tscinvbit, avx, avx2, aes, erms, clmul, bmi1, bmi2, adx, avx512f, avx512dq, avx512cd, avx512bw, avx512vl, sha, fma, vzeroupper, avx512_vpopcntdq, avx512_vpclmulqdq, avx512_vaes, avx512_vnni, clflush, clflushopt, clwb, avx512_vbmi2, avx512_vbmi, hv, rdtscp, rdpid, fsrm, gfni, avx512_bitalg, f16c, cet_ibt, cet_ss, avx512_ifma
Processor Information for processor 0
  Max Mhz: 2803, Current Mhz: 1201, Mhz Limit: 2803
Processor Information for processor 1
  Max Mhz: 2803, Current Mhz: 2803, Mhz Limit: 2803
Processor Information for processor 2
  Max Mhz: 2803, Current Mhz: 1201, Mhz Limit: 2803
Processor Information for processor 3
  Max Mhz: 2803, Current Mhz: 2803, Mhz Limit: 2803
Processor Information for processor 4
  Max Mhz: 2803, Current Mhz: 1201, Mhz Limit: 2803
Processor Information for processor 5
  Max Mhz: 2803, Current Mhz: 1201, Mhz Limit: 2803
Processor Information for processor 6
  Max Mhz: 2803, Current Mhz: 2803, Mhz Limit: 2803
Processor Information for processor 7
  Max Mhz: 2803, Current Mhz: 1201, Mhz Limit: 2803

Memory: 4k page, system-wide physical 7872M (455M free)
TotalPageFile size 20321M (AvailPageFile size 14M)
current process WorkingSet (physical memory assigned to process): 12M, peak: 12M
current process commit charge ("private bytes"): 60M, peak: 184M

vm_info: OpenJDK 64-Bit Server VM (21.0.8+9-LTS) for windows-amd64 JRE (21.0.8+9-LTS), built on 2025-07-10T20:22:44Z by "MicrosoftCorporation" with unknown MS VC++:1944

END.
